2023-05-18 22:46:44: Experiment log path in: /home/stud62/ST-SSL/experiments/NYCTaxi/20230518-224644
2023-05-18 22:46:44: Experiment configs are: Namespace(seed=20, device='cuda', mode='train', best_path='None', debug=False, data_dir='data', dataset='NYCTaxi', input_length=35, batch_size=32, test_batch_size=32, graph_file='data/NYCTaxi/adj_mx.npz', d_input=2, d_output=2, d_model=64, dropout=0.1, percent=0.1, shm_temp=0.5, nmb_prototype=4, yita=0.5, epochs=100, lr_init=0.001, early_stop=True, early_stop_patience=15, grad_norm=True, max_grad_norm=5, use_dwa=True, temp=2, num_nodes=200, log_dir='/home/stud62/ST-SSL/experiments/NYCTaxi/20230518-224644')
2023-05-18 22:46:54: Traceback (most recent call last):
  File "/home/stud62/ST-SSL/main.py", line 59, in model_supervisor
    results = trainer.train() # best_eval_loss, best_epoch
              ^^^^^^^^^^^^^^^
  File "/home/stud62/ST-SSL/model/trainer.py", line 109, in train
    train_epoch_loss, loss_t = self.train_epoch(epoch, loss_weights)
                               ^^^^^^^^^^^^^^^^^^^^^^^^^^^^^^^^^^^^^
  File "/home/stud62/ST-SSL/model/trainer.py", line 57, in train_epoch
    repr1, repr2 = self.model(data, self.graph) # nvc
                   ^^^^^^^^^^^^^^^^^^^^^^^^^^^^
  File "/home/stud62/.conda/envs/stssl/lib/python3.11/site-packages/torch/nn/modules/module.py", line 1501, in _call_impl
    return forward_call(*args, **kwargs)
           ^^^^^^^^^^^^^^^^^^^^^^^^^^^^^
  File "/home/stud62/ST-SSL/model/models.py", line 35, in forward
    graph2 = aug_topology(s_sim_mx, graph, percent=self.args.percent*2)
             ^^^^^^^^^^^^^^^^^^^^^^^^^^^^^^^^^^^^^^^^^^^^^^^^^^^^^^^^^^
  File "/home/stud62/ST-SSL/model/aug.py", line 55, in aug_topology
    drop_prob = (1. - drop_prob).numpy() # normalized similarity to get sampling probability
               ^^^^^^^^^^^^^^^^^^^^^^^^
TypeError: can't convert cuda:0 device type tensor to numpy. Use Tensor.cpu() to copy the tensor to host memory first.

