2023-05-18 10:33:40: Experiment log path in: /home/stud62/ST-SSL/experiments/NYCBike1/20230518-103340
2023-05-18 10:33:40: Experiment configs are: Namespace(seed=31, device='cuda', mode='train', best_path='None', debug=False, data_dir='data', dataset='NYCBike1', input_length=19, batch_size=32, test_batch_size=32, graph_file='data/NYCBike1/adj_mx.npz', d_input=2, d_output=2, d_model=64, dropout=0.2, percent=0.1, shm_temp=0.5, nmb_prototype=6, yita=0.6, epochs=100, lr_init=0.001, early_stop=True, early_stop_patience=15, grad_norm=True, max_grad_norm=5, use_dwa=True, temp=4, num_nodes=128, log_dir='/home/stud62/ST-SSL/experiments/NYCBike1/20230518-103340')
2023-05-18 10:34:31: *******Train Epoch 1: averaged Loss : 12.347581
2023-05-18 10:34:32: *******Val Epoch 1: averaged Loss : 9.926449
2023-05-18 10:34:32: **************Current best model saved to /home/stud62/ST-SSL/experiments/NYCBike1/20230518-103340/best_model.pth
2023-05-18 10:34:54: *******Train Epoch 2: averaged Loss : 9.858671
2023-05-18 10:34:55: *******Val Epoch 2: averaged Loss : 9.649445
2023-05-18 10:34:55: **************Current best model saved to /home/stud62/ST-SSL/experiments/NYCBike1/20230518-103340/best_model.pth
2023-05-18 10:35:18: *******Train Epoch 3: averaged Loss : 9.014904
2023-05-18 10:35:18: *******Val Epoch 3: averaged Loss : 8.321450
2023-05-18 10:35:18: **************Current best model saved to /home/stud62/ST-SSL/experiments/NYCBike1/20230518-103340/best_model.pth
2023-05-18 10:35:41: *******Train Epoch 4: averaged Loss : 8.753006
2023-05-18 10:35:41: *******Val Epoch 4: averaged Loss : 8.235870
2023-05-18 10:35:41: **************Current best model saved to /home/stud62/ST-SSL/experiments/NYCBike1/20230518-103340/best_model.pth
2023-05-18 10:36:04: *******Train Epoch 5: averaged Loss : 8.640265
2023-05-18 10:36:05: *******Val Epoch 5: averaged Loss : 8.364195
2023-05-18 10:36:28: *******Train Epoch 6: averaged Loss : 8.473927
2023-05-18 10:36:28: *******Val Epoch 6: averaged Loss : 8.015925
2023-05-18 10:36:28: **************Current best model saved to /home/stud62/ST-SSL/experiments/NYCBike1/20230518-103340/best_model.pth
2023-05-18 10:36:51: *******Train Epoch 7: averaged Loss : 8.350945
2023-05-18 10:36:51: *******Val Epoch 7: averaged Loss : 8.053068
2023-05-18 10:37:14: *******Train Epoch 8: averaged Loss : 8.205820
2023-05-18 10:37:15: *******Val Epoch 8: averaged Loss : 8.082223
2023-05-18 10:37:38: *******Train Epoch 9: averaged Loss : 8.136048
2023-05-18 10:37:38: *******Val Epoch 9: averaged Loss : 7.708103
2023-05-18 10:37:38: **************Current best model saved to /home/stud62/ST-SSL/experiments/NYCBike1/20230518-103340/best_model.pth
2023-05-18 10:38:01: *******Train Epoch 10: averaged Loss : 7.998191
2023-05-18 10:38:01: *******Val Epoch 10: averaged Loss : 7.828343
2023-05-18 10:38:24: *******Train Epoch 11: averaged Loss : 7.968000
2023-05-18 10:38:25: *******Val Epoch 11: averaged Loss : 8.005382
2023-05-18 10:38:48: *******Train Epoch 12: averaged Loss : 7.950808
2023-05-18 10:38:48: *******Val Epoch 12: averaged Loss : 7.503782
2023-05-18 10:38:48: **************Current best model saved to /home/stud62/ST-SSL/experiments/NYCBike1/20230518-103340/best_model.pth
2023-05-18 10:39:11: *******Train Epoch 13: averaged Loss : 7.840043
2023-05-18 10:39:12: *******Val Epoch 13: averaged Loss : 7.643427
2023-05-18 10:39:35: *******Train Epoch 14: averaged Loss : 7.793448
2023-05-18 10:39:35: *******Val Epoch 14: averaged Loss : 7.317223
2023-05-18 10:39:35: **************Current best model saved to /home/stud62/ST-SSL/experiments/NYCBike1/20230518-103340/best_model.pth
2023-05-18 10:39:58: *******Train Epoch 15: averaged Loss : 7.753366
2023-05-18 10:39:59: *******Val Epoch 15: averaged Loss : 7.420165
2023-05-18 10:40:22: *******Train Epoch 16: averaged Loss : 7.668441
2023-05-18 10:40:22: *******Val Epoch 16: averaged Loss : 7.364950
2023-05-18 10:40:45: *******Train Epoch 17: averaged Loss : 7.615781
2023-05-18 10:40:46: *******Val Epoch 17: averaged Loss : 7.405654
2023-05-18 10:41:09: *******Train Epoch 18: averaged Loss : 7.590468
2023-05-18 10:41:09: *******Val Epoch 18: averaged Loss : 7.435752
2023-05-18 10:41:32: *******Train Epoch 19: averaged Loss : 7.555640
2023-05-18 10:41:32: *******Val Epoch 19: averaged Loss : 7.312274
2023-05-18 10:41:32: **************Current best model saved to /home/stud62/ST-SSL/experiments/NYCBike1/20230518-103340/best_model.pth
2023-05-18 10:41:56: *******Train Epoch 20: averaged Loss : 7.460322
2023-05-18 10:41:56: *******Val Epoch 20: averaged Loss : 7.274012
2023-05-18 10:41:56: **************Current best model saved to /home/stud62/ST-SSL/experiments/NYCBike1/20230518-103340/best_model.pth
2023-05-18 10:42:19: *******Train Epoch 21: averaged Loss : 7.461240
2023-05-18 10:42:19: *******Val Epoch 21: averaged Loss : 7.278000
2023-05-18 10:42:43: *******Train Epoch 22: averaged Loss : 7.493821
2023-05-18 10:42:43: *******Val Epoch 22: averaged Loss : 7.173516
2023-05-18 10:42:43: **************Current best model saved to /home/stud62/ST-SSL/experiments/NYCBike1/20230518-103340/best_model.pth
2023-05-18 10:43:06: *******Train Epoch 23: averaged Loss : 7.430644
2023-05-18 10:43:06: *******Val Epoch 23: averaged Loss : 7.224107
2023-05-18 10:43:29: *******Train Epoch 24: averaged Loss : 7.393179
2023-05-18 10:43:30: *******Val Epoch 24: averaged Loss : 7.173249
2023-05-18 10:43:30: **************Current best model saved to /home/stud62/ST-SSL/experiments/NYCBike1/20230518-103340/best_model.pth
2023-05-18 10:43:53: *******Train Epoch 25: averaged Loss : 7.391196
2023-05-18 10:43:53: *******Val Epoch 25: averaged Loss : 7.256096
2023-05-18 10:44:16: *******Train Epoch 26: averaged Loss : 7.362912
2023-05-18 10:44:17: *******Val Epoch 26: averaged Loss : 7.275318
2023-05-18 10:44:40: *******Train Epoch 27: averaged Loss : 7.286919
2023-05-18 10:44:40: *******Val Epoch 27: averaged Loss : 7.024573
2023-05-18 10:44:40: **************Current best model saved to /home/stud62/ST-SSL/experiments/NYCBike1/20230518-103340/best_model.pth
2023-05-18 10:45:03: *******Train Epoch 28: averaged Loss : 7.301402
2023-05-18 10:45:04: *******Val Epoch 28: averaged Loss : 7.425750
2023-05-18 10:45:27: *******Train Epoch 29: averaged Loss : 7.310141
2023-05-18 10:45:27: *******Val Epoch 29: averaged Loss : 6.982983
2023-05-18 10:45:27: **************Current best model saved to /home/stud62/ST-SSL/experiments/NYCBike1/20230518-103340/best_model.pth
2023-05-18 10:45:50: *******Train Epoch 30: averaged Loss : 7.290488
2023-05-18 10:45:51: *******Val Epoch 30: averaged Loss : 6.981318
2023-05-18 10:45:51: **************Current best model saved to /home/stud62/ST-SSL/experiments/NYCBike1/20230518-103340/best_model.pth
2023-05-18 10:46:14: *******Train Epoch 31: averaged Loss : 7.215858
2023-05-18 10:46:14: *******Val Epoch 31: averaged Loss : 6.974427
2023-05-18 10:46:14: **************Current best model saved to /home/stud62/ST-SSL/experiments/NYCBike1/20230518-103340/best_model.pth
2023-05-18 10:46:37: *******Train Epoch 32: averaged Loss : 7.171262
2023-05-18 10:46:38: *******Val Epoch 32: averaged Loss : 6.832286
2023-05-18 10:46:38: **************Current best model saved to /home/stud62/ST-SSL/experiments/NYCBike1/20230518-103340/best_model.pth
2023-05-18 10:47:01: *******Train Epoch 33: averaged Loss : 7.122673
2023-05-18 10:47:01: *******Val Epoch 33: averaged Loss : 6.974656
2023-05-18 10:47:24: *******Train Epoch 34: averaged Loss : 7.102404
2023-05-18 10:47:25: *******Val Epoch 34: averaged Loss : 6.782709
2023-05-18 10:47:25: **************Current best model saved to /home/stud62/ST-SSL/experiments/NYCBike1/20230518-103340/best_model.pth
2023-05-18 10:47:48: *******Train Epoch 35: averaged Loss : 7.100203
2023-05-18 10:47:48: *******Val Epoch 35: averaged Loss : 6.944030
2023-05-18 10:48:11: *******Train Epoch 36: averaged Loss : 7.046059
2023-05-18 10:48:12: *******Val Epoch 36: averaged Loss : 6.727186
2023-05-18 10:48:12: **************Current best model saved to /home/stud62/ST-SSL/experiments/NYCBike1/20230518-103340/best_model.pth
2023-05-18 10:48:35: *******Train Epoch 37: averaged Loss : 7.055309
2023-05-18 10:48:35: *******Val Epoch 37: averaged Loss : 6.956474
2023-05-18 10:48:58: *******Train Epoch 38: averaged Loss : 6.990799
2023-05-18 10:48:59: *******Val Epoch 38: averaged Loss : 6.778821
2023-05-18 10:49:22: *******Train Epoch 39: averaged Loss : 6.959186
2023-05-18 10:49:22: *******Val Epoch 39: averaged Loss : 6.723683
2023-05-18 10:49:22: **************Current best model saved to /home/stud62/ST-SSL/experiments/NYCBike1/20230518-103340/best_model.pth
2023-05-18 10:49:45: *******Train Epoch 40: averaged Loss : 6.949851
2023-05-18 10:49:46: *******Val Epoch 40: averaged Loss : 6.754069
2023-05-18 10:50:09: *******Train Epoch 41: averaged Loss : 6.999608
2023-05-18 10:50:09: *******Val Epoch 41: averaged Loss : 6.703026
2023-05-18 10:50:09: **************Current best model saved to /home/stud62/ST-SSL/experiments/NYCBike1/20230518-103340/best_model.pth
2023-05-18 10:50:32: *******Train Epoch 42: averaged Loss : 6.925241
2023-05-18 10:50:32: *******Val Epoch 42: averaged Loss : 6.800231
2023-05-18 10:50:55: *******Train Epoch 43: averaged Loss : 6.904143
2023-05-18 10:50:56: *******Val Epoch 43: averaged Loss : 6.657560
2023-05-18 10:50:56: **************Current best model saved to /home/stud62/ST-SSL/experiments/NYCBike1/20230518-103340/best_model.pth
2023-05-18 10:51:19: *******Train Epoch 44: averaged Loss : 6.895922
2023-05-18 10:51:19: *******Val Epoch 44: averaged Loss : 6.753437
2023-05-18 10:51:42: *******Train Epoch 45: averaged Loss : 6.874210
2023-05-18 10:51:43: *******Val Epoch 45: averaged Loss : 6.654491
2023-05-18 10:51:43: **************Current best model saved to /home/stud62/ST-SSL/experiments/NYCBike1/20230518-103340/best_model.pth
2023-05-18 10:52:06: *******Train Epoch 46: averaged Loss : 6.873923
2023-05-18 10:52:06: *******Val Epoch 46: averaged Loss : 6.870059
2023-05-18 10:52:29: *******Train Epoch 47: averaged Loss : 6.870758
2023-05-18 10:52:29: *******Val Epoch 47: averaged Loss : 6.832561
2023-05-18 10:52:52: *******Train Epoch 48: averaged Loss : 6.889253
2023-05-18 10:52:53: *******Val Epoch 48: averaged Loss : 6.744393
2023-05-18 10:53:16: *******Train Epoch 49: averaged Loss : 6.849434
2023-05-18 10:53:16: *******Val Epoch 49: averaged Loss : 6.667036
2023-05-18 10:53:39: *******Train Epoch 50: averaged Loss : 6.807272
2023-05-18 10:53:40: *******Val Epoch 50: averaged Loss : 6.598127
2023-05-18 10:53:40: **************Current best model saved to /home/stud62/ST-SSL/experiments/NYCBike1/20230518-103340/best_model.pth
2023-05-18 10:54:03: *******Train Epoch 51: averaged Loss : 6.798577
2023-05-18 10:54:03: *******Val Epoch 51: averaged Loss : 6.663876
2023-05-18 10:54:26: *******Train Epoch 52: averaged Loss : 6.857451
2023-05-18 10:54:27: *******Val Epoch 52: averaged Loss : 6.751160
2023-05-18 10:54:50: *******Train Epoch 53: averaged Loss : 6.811255
2023-05-18 10:54:50: *******Val Epoch 53: averaged Loss : 6.699755
2023-05-18 10:55:13: *******Train Epoch 54: averaged Loss : 6.793545
2023-05-18 10:55:14: *******Val Epoch 54: averaged Loss : 6.602450
2023-05-18 10:55:37: *******Train Epoch 55: averaged Loss : 6.780929
2023-05-18 10:55:37: *******Val Epoch 55: averaged Loss : 6.604340
2023-05-18 10:56:00: *******Train Epoch 56: averaged Loss : 6.750306
2023-05-18 10:56:01: *******Val Epoch 56: averaged Loss : 6.616570
2023-05-18 10:56:24: *******Train Epoch 57: averaged Loss : 6.747023
2023-05-18 10:56:24: *******Val Epoch 57: averaged Loss : 6.668318
2023-05-18 10:56:47: *******Train Epoch 58: averaged Loss : 6.700809
2023-05-18 10:56:47: *******Val Epoch 58: averaged Loss : 6.660945
2023-05-18 10:57:10: *******Train Epoch 59: averaged Loss : 6.712009
2023-05-18 10:57:11: *******Val Epoch 59: averaged Loss : 6.595439
2023-05-18 10:57:11: **************Current best model saved to /home/stud62/ST-SSL/experiments/NYCBike1/20230518-103340/best_model.pth
2023-05-18 10:57:34: *******Train Epoch 60: averaged Loss : 6.701697
2023-05-18 10:57:34: *******Val Epoch 60: averaged Loss : 6.527656
2023-05-18 10:57:34: **************Current best model saved to /home/stud62/ST-SSL/experiments/NYCBike1/20230518-103340/best_model.pth
2023-05-18 10:57:57: *******Train Epoch 61: averaged Loss : 6.712388
2023-05-18 10:57:58: *******Val Epoch 61: averaged Loss : 6.592490
2023-05-18 10:58:21: *******Train Epoch 62: averaged Loss : 6.694156
2023-05-18 10:58:21: *******Val Epoch 62: averaged Loss : 7.015696
2023-05-18 10:58:44: *******Train Epoch 63: averaged Loss : 6.691416
2023-05-18 10:58:45: *******Val Epoch 63: averaged Loss : 6.518824
2023-05-18 10:58:45: **************Current best model saved to /home/stud62/ST-SSL/experiments/NYCBike1/20230518-103340/best_model.pth
2023-05-18 10:59:08: *******Train Epoch 64: averaged Loss : 6.677942
2023-05-18 10:59:08: *******Val Epoch 64: averaged Loss : 6.605269
2023-05-18 10:59:32: *******Train Epoch 65: averaged Loss : 6.699881
2023-05-18 10:59:32: *******Val Epoch 65: averaged Loss : 6.617398
2023-05-18 10:59:55: *******Train Epoch 66: averaged Loss : 6.659520
2023-05-18 10:59:55: *******Val Epoch 66: averaged Loss : 6.620501
2023-05-18 11:00:18: *******Train Epoch 67: averaged Loss : 6.622053
2023-05-18 11:00:19: *******Val Epoch 67: averaged Loss : 6.535911
2023-05-18 11:00:42: *******Train Epoch 68: averaged Loss : 6.636574
2023-05-18 11:00:42: *******Val Epoch 68: averaged Loss : 6.502459
2023-05-18 11:00:42: **************Current best model saved to /home/stud62/ST-SSL/experiments/NYCBike1/20230518-103340/best_model.pth
2023-05-18 11:01:05: *******Train Epoch 69: averaged Loss : 6.598329
2023-05-18 11:01:06: *******Val Epoch 69: averaged Loss : 6.629844
2023-05-18 11:01:29: *******Train Epoch 70: averaged Loss : 6.590775
2023-05-18 11:01:29: *******Val Epoch 70: averaged Loss : 6.566589
2023-05-18 11:01:52: *******Train Epoch 71: averaged Loss : 6.615834
2023-05-18 11:01:53: *******Val Epoch 71: averaged Loss : 6.673562
2023-05-18 11:02:16: *******Train Epoch 72: averaged Loss : 6.589633
2023-05-18 11:02:16: *******Val Epoch 72: averaged Loss : 6.555747
2023-05-18 11:02:39: *******Train Epoch 73: averaged Loss : 6.577774
2023-05-18 11:02:40: *******Val Epoch 73: averaged Loss : 6.499958
2023-05-18 11:02:40: **************Current best model saved to /home/stud62/ST-SSL/experiments/NYCBike1/20230518-103340/best_model.pth
2023-05-18 11:03:03: *******Train Epoch 74: averaged Loss : 6.580658
2023-05-18 11:03:03: *******Val Epoch 74: averaged Loss : 6.431413
2023-05-18 11:03:03: **************Current best model saved to /home/stud62/ST-SSL/experiments/NYCBike1/20230518-103340/best_model.pth
2023-05-18 11:03:26: *******Train Epoch 75: averaged Loss : 6.560445
2023-05-18 11:03:27: *******Val Epoch 75: averaged Loss : 6.651841
2023-05-18 11:03:50: *******Train Epoch 76: averaged Loss : 6.556590
2023-05-18 11:03:50: *******Val Epoch 76: averaged Loss : 6.437916
2023-05-18 11:04:13: *******Train Epoch 77: averaged Loss : 6.526592
2023-05-18 11:04:13: *******Val Epoch 77: averaged Loss : 6.547124
2023-05-18 11:04:37: *******Train Epoch 78: averaged Loss : 6.540372
2023-05-18 11:04:37: *******Val Epoch 78: averaged Loss : 6.472875
2023-05-18 11:05:00: *******Train Epoch 79: averaged Loss : 6.512320
2023-05-18 11:05:00: *******Val Epoch 79: averaged Loss : 6.457759
2023-05-18 11:05:24: *******Train Epoch 80: averaged Loss : 6.537225
2023-05-18 11:05:24: *******Val Epoch 80: averaged Loss : 6.451949
2023-05-18 11:05:47: *******Train Epoch 81: averaged Loss : 6.509149
2023-05-18 11:05:47: *******Val Epoch 81: averaged Loss : 6.460508
2023-05-18 11:06:11: *******Train Epoch 82: averaged Loss : 6.514031
2023-05-18 11:06:11: *******Val Epoch 82: averaged Loss : 6.547827
2023-05-18 11:06:34: *******Train Epoch 83: averaged Loss : 6.505462
2023-05-18 11:06:34: *******Val Epoch 83: averaged Loss : 6.644716
2023-05-18 11:06:58: *******Train Epoch 84: averaged Loss : 6.488297
2023-05-18 11:06:58: *******Val Epoch 84: averaged Loss : 6.414423
2023-05-18 11:06:58: **************Current best model saved to /home/stud62/ST-SSL/experiments/NYCBike1/20230518-103340/best_model.pth
2023-05-18 11:07:21: *******Train Epoch 85: averaged Loss : 6.505673
2023-05-18 11:07:21: *******Val Epoch 85: averaged Loss : 6.444881
2023-05-18 11:07:44: *******Train Epoch 86: averaged Loss : 6.476086
2023-05-18 11:07:45: *******Val Epoch 86: averaged Loss : 6.445123
2023-05-18 11:08:08: *******Train Epoch 87: averaged Loss : 6.474578
2023-05-18 11:08:08: *******Val Epoch 87: averaged Loss : 6.447097
2023-05-18 11:08:31: *******Train Epoch 88: averaged Loss : 6.457672
2023-05-18 11:08:32: *******Val Epoch 88: averaged Loss : 6.690014
2023-05-18 11:08:55: *******Train Epoch 89: averaged Loss : 6.460765
2023-05-18 11:08:55: *******Val Epoch 89: averaged Loss : 6.397694
2023-05-18 11:08:55: **************Current best model saved to /home/stud62/ST-SSL/experiments/NYCBike1/20230518-103340/best_model.pth
2023-05-18 11:09:18: *******Train Epoch 90: averaged Loss : 6.444969
2023-05-18 11:09:19: *******Val Epoch 90: averaged Loss : 6.481579
2023-05-18 11:09:42: *******Train Epoch 91: averaged Loss : 6.449192
2023-05-18 11:09:42: *******Val Epoch 91: averaged Loss : 6.464632
2023-05-18 11:10:05: *******Train Epoch 92: averaged Loss : 6.419601
2023-05-18 11:10:05: *******Val Epoch 92: averaged Loss : 6.458701
2023-05-18 11:10:28: *******Train Epoch 93: averaged Loss : 6.433006
2023-05-18 11:10:29: *******Val Epoch 93: averaged Loss : 6.471010
2023-05-18 11:10:52: *******Train Epoch 94: averaged Loss : 6.405960
2023-05-18 11:10:52: *******Val Epoch 94: averaged Loss : 6.440489
2023-05-18 11:11:15: *******Train Epoch 95: averaged Loss : 6.416976
2023-05-18 11:11:16: *******Val Epoch 95: averaged Loss : 6.459664
2023-05-18 11:11:39: *******Train Epoch 96: averaged Loss : 6.367100
2023-05-18 11:11:39: *******Val Epoch 96: averaged Loss : 6.401678
2023-05-18 11:12:02: *******Train Epoch 97: averaged Loss : 6.402432
2023-05-18 11:12:03: *******Val Epoch 97: averaged Loss : 6.385914
2023-05-18 11:12:03: **************Current best model saved to /home/stud62/ST-SSL/experiments/NYCBike1/20230518-103340/best_model.pth
2023-05-18 11:12:26: *******Train Epoch 98: averaged Loss : 6.358039
2023-05-18 11:12:26: *******Val Epoch 98: averaged Loss : 6.476861
2023-05-18 11:12:49: *******Train Epoch 99: averaged Loss : 6.366706
2023-05-18 11:12:50: *******Val Epoch 99: averaged Loss : 6.374313
2023-05-18 11:12:50: **************Current best model saved to /home/stud62/ST-SSL/experiments/NYCBike1/20230518-103340/best_model.pth
2023-05-18 11:13:13: *******Train Epoch 100: averaged Loss : 6.357187
2023-05-18 11:13:13: *******Val Epoch 100: averaged Loss : 6.427931
2023-05-18 11:13:13: == Training finished.
Total training time: 39.55 min	best loss: 6.3743	best epoch: 99	
2023-05-18 11:13:13: == Test results.
2023-05-18 11:13:14: INFLOW, MAE: 5.06, MAPE: 23.1026%
2023-05-18 11:13:14: OUTFLOW, MAE: 5.35, MAPE: 23.6831%
