2023-05-18 14:39:07: Experiment log path in: /home/stud62/ST-SSL/experiments/NYCTaxi/20230518-143907
2023-05-18 14:39:07: Experiment configs are: Namespace(seed=0, device='cuda', mode='train', best_path='None', debug=False, data_dir='data', dataset='NYCTaxi', input_length=35, batch_size=32, test_batch_size=32, graph_file='data/NYCTaxi/adj_mx.npz', d_input=2, d_output=2, d_model=64, dropout=0.1, percent=0.5, shm_temp=0.5, nmb_prototype=4, yita=0.5, epochs=100, lr_init=0.001, early_stop=True, early_stop_patience=15, grad_norm=True, max_grad_norm=5, use_dwa=True, temp=2, num_nodes=200, log_dir='/home/stud62/ST-SSL/experiments/NYCTaxi/20230518-143907')
2023-05-18 14:39:37: *******Train Epoch 1: averaged Loss : 49.647856
2023-05-18 14:39:38: *******Val Epoch 1: averaged Loss : 29.100237
2023-05-18 14:39:38: **************Current best model saved to /home/stud62/ST-SSL/experiments/NYCTaxi/20230518-143907/best_model.pth
2023-05-18 14:40:06: *******Train Epoch 2: averaged Loss : 29.753726
2023-05-18 14:40:07: *******Val Epoch 2: averaged Loss : 21.818864
2023-05-18 14:40:07: **************Current best model saved to /home/stud62/ST-SSL/experiments/NYCTaxi/20230518-143907/best_model.pth
2023-05-18 14:40:35: *******Train Epoch 3: averaged Loss : 23.087359
2023-05-18 14:40:36: *******Val Epoch 3: averaged Loss : 19.982849
2023-05-18 14:40:36: **************Current best model saved to /home/stud62/ST-SSL/experiments/NYCTaxi/20230518-143907/best_model.pth
2023-05-18 14:41:05: *******Train Epoch 4: averaged Loss : 22.305701
2023-05-18 14:41:06: *******Val Epoch 4: averaged Loss : 19.409283
2023-05-18 14:41:06: **************Current best model saved to /home/stud62/ST-SSL/experiments/NYCTaxi/20230518-143907/best_model.pth
2023-05-18 14:41:34: *******Train Epoch 5: averaged Loss : 20.618527
2023-05-18 14:41:35: *******Val Epoch 5: averaged Loss : 17.219482
2023-05-18 14:41:35: **************Current best model saved to /home/stud62/ST-SSL/experiments/NYCTaxi/20230518-143907/best_model.pth
2023-05-18 14:42:04: *******Train Epoch 6: averaged Loss : 19.826875
2023-05-18 14:42:05: *******Val Epoch 6: averaged Loss : 17.777375
2023-05-18 14:42:33: *******Train Epoch 7: averaged Loss : 19.347670
2023-05-18 14:42:34: *******Val Epoch 7: averaged Loss : 16.903119
2023-05-18 14:42:34: **************Current best model saved to /home/stud62/ST-SSL/experiments/NYCTaxi/20230518-143907/best_model.pth
2023-05-18 14:43:02: *******Train Epoch 8: averaged Loss : 19.168807
2023-05-18 14:43:03: *******Val Epoch 8: averaged Loss : 15.778055
2023-05-18 14:43:03: **************Current best model saved to /home/stud62/ST-SSL/experiments/NYCTaxi/20230518-143907/best_model.pth
2023-05-18 14:43:32: *******Train Epoch 9: averaged Loss : 18.234501
2023-05-18 14:43:33: *******Val Epoch 9: averaged Loss : 15.633169
2023-05-18 14:43:33: **************Current best model saved to /home/stud62/ST-SSL/experiments/NYCTaxi/20230518-143907/best_model.pth
2023-05-18 14:44:01: *******Train Epoch 10: averaged Loss : 17.722500
2023-05-18 14:44:02: *******Val Epoch 10: averaged Loss : 18.045619
2023-05-18 14:44:30: *******Train Epoch 11: averaged Loss : 17.230277
2023-05-18 14:44:31: *******Val Epoch 11: averaged Loss : 15.170305
2023-05-18 14:44:31: **************Current best model saved to /home/stud62/ST-SSL/experiments/NYCTaxi/20230518-143907/best_model.pth
2023-05-18 14:45:00: *******Train Epoch 12: averaged Loss : 17.346871
2023-05-18 14:45:01: *******Val Epoch 12: averaged Loss : 14.875624
2023-05-18 14:45:01: **************Current best model saved to /home/stud62/ST-SSL/experiments/NYCTaxi/20230518-143907/best_model.pth
2023-05-18 14:45:29: *******Train Epoch 13: averaged Loss : 16.997273
2023-05-18 14:45:30: *******Val Epoch 13: averaged Loss : 14.909601
2023-05-18 14:45:58: *******Train Epoch 14: averaged Loss : 16.526966
2023-05-18 14:45:59: *******Val Epoch 14: averaged Loss : 15.165002
2023-05-18 14:46:28: *******Train Epoch 15: averaged Loss : 16.117015
2023-05-18 14:46:29: *******Val Epoch 15: averaged Loss : 16.537311
2023-05-18 14:46:57: *******Train Epoch 16: averaged Loss : 16.001858
2023-05-18 14:46:58: *******Val Epoch 16: averaged Loss : 14.253049
2023-05-18 14:46:58: **************Current best model saved to /home/stud62/ST-SSL/experiments/NYCTaxi/20230518-143907/best_model.pth
2023-05-18 14:47:26: *******Train Epoch 17: averaged Loss : 15.892819
2023-05-18 14:47:27: *******Val Epoch 17: averaged Loss : 14.145032
2023-05-18 14:47:27: **************Current best model saved to /home/stud62/ST-SSL/experiments/NYCTaxi/20230518-143907/best_model.pth
2023-05-18 14:47:56: *******Train Epoch 18: averaged Loss : 15.959325
2023-05-18 14:47:57: *******Val Epoch 18: averaged Loss : 14.230502
2023-05-18 14:48:25: *******Train Epoch 19: averaged Loss : 15.785479
2023-05-18 14:48:26: *******Val Epoch 19: averaged Loss : 14.269920
2023-05-18 14:48:54: *******Train Epoch 20: averaged Loss : 15.454936
2023-05-18 14:48:55: *******Val Epoch 20: averaged Loss : 14.355320
2023-05-18 14:49:24: *******Train Epoch 21: averaged Loss : 15.149453
2023-05-18 14:49:24: *******Val Epoch 21: averaged Loss : 13.976836
2023-05-18 14:49:24: **************Current best model saved to /home/stud62/ST-SSL/experiments/NYCTaxi/20230518-143907/best_model.pth
2023-05-18 14:49:53: *******Train Epoch 22: averaged Loss : 15.058604
2023-05-18 14:49:54: *******Val Epoch 22: averaged Loss : 13.786372
2023-05-18 14:49:54: **************Current best model saved to /home/stud62/ST-SSL/experiments/NYCTaxi/20230518-143907/best_model.pth
2023-05-18 14:50:22: *******Train Epoch 23: averaged Loss : 15.111481
2023-05-18 14:50:23: *******Val Epoch 23: averaged Loss : 14.236947
2023-05-18 14:50:52: *******Train Epoch 24: averaged Loss : 14.873952
2023-05-18 14:50:53: *******Val Epoch 24: averaged Loss : 14.213719
2023-05-18 14:51:21: *******Train Epoch 25: averaged Loss : 14.903364
2023-05-18 14:51:22: *******Val Epoch 25: averaged Loss : 15.182718
2023-05-18 14:51:50: *******Train Epoch 26: averaged Loss : 15.163039
2023-05-18 14:51:51: *******Val Epoch 26: averaged Loss : 14.832073
2023-05-18 14:52:19: *******Train Epoch 27: averaged Loss : 15.045952
2023-05-18 14:52:20: *******Val Epoch 27: averaged Loss : 15.467632
2023-05-18 14:52:49: *******Train Epoch 28: averaged Loss : 14.785095
2023-05-18 14:52:50: *******Val Epoch 28: averaged Loss : 14.022742
2023-05-18 14:53:18: *******Train Epoch 29: averaged Loss : 14.480688
2023-05-18 14:53:19: *******Val Epoch 29: averaged Loss : 14.283176
2023-05-18 14:53:47: *******Train Epoch 30: averaged Loss : 14.744577
2023-05-18 14:53:48: *******Val Epoch 30: averaged Loss : 14.108463
2023-05-18 14:54:17: *******Train Epoch 31: averaged Loss : 14.566911
2023-05-18 14:54:17: *******Val Epoch 31: averaged Loss : 14.170762
2023-05-18 14:54:46: *******Train Epoch 32: averaged Loss : 14.371733
2023-05-18 14:54:47: *******Val Epoch 32: averaged Loss : 13.904070
2023-05-18 14:55:15: *******Train Epoch 33: averaged Loss : 14.301530
2023-05-18 14:55:16: *******Val Epoch 33: averaged Loss : 13.935069
2023-05-18 14:55:44: *******Train Epoch 34: averaged Loss : 14.052692
2023-05-18 14:55:45: *******Val Epoch 34: averaged Loss : 13.909683
2023-05-18 14:56:13: *******Train Epoch 35: averaged Loss : 14.264965
2023-05-18 14:56:14: *******Val Epoch 35: averaged Loss : 13.944367
2023-05-18 14:56:43: *******Train Epoch 36: averaged Loss : 14.151605
2023-05-18 14:56:43: *******Val Epoch 36: averaged Loss : 13.818097
2023-05-18 14:57:12: *******Train Epoch 37: averaged Loss : 13.926080
2023-05-18 14:57:13: *******Val Epoch 37: averaged Loss : 13.571509
2023-05-18 14:57:13: **************Current best model saved to /home/stud62/ST-SSL/experiments/NYCTaxi/20230518-143907/best_model.pth
2023-05-18 14:57:41: *******Train Epoch 38: averaged Loss : 13.984871
2023-05-18 14:57:42: *******Val Epoch 38: averaged Loss : 13.594039
2023-05-18 14:58:10: *******Train Epoch 39: averaged Loss : 14.281336
2023-05-18 14:58:11: *******Val Epoch 39: averaged Loss : 13.927495
2023-05-18 14:58:39: *******Train Epoch 40: averaged Loss : 14.094452
2023-05-18 14:58:40: *******Val Epoch 40: averaged Loss : 14.019324
2023-05-18 14:59:08: *******Train Epoch 41: averaged Loss : 13.890499
2023-05-18 14:59:09: *******Val Epoch 41: averaged Loss : 13.574626
2023-05-18 14:59:38: *******Train Epoch 42: averaged Loss : 13.774362
2023-05-18 14:59:39: *******Val Epoch 42: averaged Loss : 13.858545
2023-05-18 15:00:07: *******Train Epoch 43: averaged Loss : 13.759658
2023-05-18 15:00:08: *******Val Epoch 43: averaged Loss : 13.531302
2023-05-18 15:00:08: **************Current best model saved to /home/stud62/ST-SSL/experiments/NYCTaxi/20230518-143907/best_model.pth
2023-05-18 15:00:36: *******Train Epoch 44: averaged Loss : 13.552070
2023-05-18 15:00:37: *******Val Epoch 44: averaged Loss : 13.663947
2023-05-18 15:01:05: *******Train Epoch 45: averaged Loss : 13.634933
2023-05-18 15:01:06: *******Val Epoch 45: averaged Loss : 13.702693
2023-05-18 15:01:34: *******Train Epoch 46: averaged Loss : 13.554066
2023-05-18 15:01:35: *******Val Epoch 46: averaged Loss : 14.312973
2023-05-18 15:02:04: *******Train Epoch 47: averaged Loss : 13.368770
2023-05-18 15:02:05: *******Val Epoch 47: averaged Loss : 14.216536
2023-05-18 15:02:33: *******Train Epoch 48: averaged Loss : 13.327348
2023-05-18 15:02:34: *******Val Epoch 48: averaged Loss : 13.611843
2023-05-18 15:03:02: *******Train Epoch 49: averaged Loss : 13.303792
2023-05-18 15:03:03: *******Val Epoch 49: averaged Loss : 14.039059
2023-05-18 15:03:31: *******Train Epoch 50: averaged Loss : 13.377927
2023-05-18 15:03:32: *******Val Epoch 50: averaged Loss : 13.410954
2023-05-18 15:03:32: **************Current best model saved to /home/stud62/ST-SSL/experiments/NYCTaxi/20230518-143907/best_model.pth
2023-05-18 15:04:01: *******Train Epoch 51: averaged Loss : 13.103959
2023-05-18 15:04:02: *******Val Epoch 51: averaged Loss : 13.646104
2023-05-18 15:04:30: *******Train Epoch 52: averaged Loss : 13.150790
2023-05-18 15:04:31: *******Val Epoch 52: averaged Loss : 14.811262
2023-05-18 15:04:59: *******Train Epoch 53: averaged Loss : 13.055502
2023-05-18 15:05:00: *******Val Epoch 53: averaged Loss : 13.580358
2023-05-18 15:05:28: *******Train Epoch 54: averaged Loss : 12.914652
2023-05-18 15:05:29: *******Val Epoch 54: averaged Loss : 14.097973
2023-05-18 15:05:57: *******Train Epoch 55: averaged Loss : 12.980936
2023-05-18 15:05:58: *******Val Epoch 55: averaged Loss : 14.856823
2023-05-18 15:06:27: *******Train Epoch 56: averaged Loss : 13.134154
2023-05-18 15:06:28: *******Val Epoch 56: averaged Loss : 13.343636
2023-05-18 15:06:28: **************Current best model saved to /home/stud62/ST-SSL/experiments/NYCTaxi/20230518-143907/best_model.pth
2023-05-18 15:06:56: *******Train Epoch 57: averaged Loss : 12.939066
2023-05-18 15:06:57: *******Val Epoch 57: averaged Loss : 13.479928
2023-05-18 15:07:25: *******Train Epoch 58: averaged Loss : 12.806789
2023-05-18 15:07:26: *******Val Epoch 58: averaged Loss : 13.343463
2023-05-18 15:07:26: **************Current best model saved to /home/stud62/ST-SSL/experiments/NYCTaxi/20230518-143907/best_model.pth
2023-05-18 15:07:55: *******Train Epoch 59: averaged Loss : 12.822093
2023-05-18 15:07:55: *******Val Epoch 59: averaged Loss : 13.598632
2023-05-18 15:08:24: *******Train Epoch 60: averaged Loss : 13.064846
2023-05-18 15:08:25: *******Val Epoch 60: averaged Loss : 13.511155
2023-05-18 15:08:53: *******Train Epoch 61: averaged Loss : 12.904385
2023-05-18 15:08:54: *******Val Epoch 61: averaged Loss : 13.627512
2023-05-18 15:09:22: *******Train Epoch 62: averaged Loss : 12.734857
2023-05-18 15:09:23: *******Val Epoch 62: averaged Loss : 13.320725
2023-05-18 15:09:23: **************Current best model saved to /home/stud62/ST-SSL/experiments/NYCTaxi/20230518-143907/best_model.pth
2023-05-18 15:09:52: *******Train Epoch 63: averaged Loss : 13.096259
2023-05-18 15:09:52: *******Val Epoch 63: averaged Loss : 13.669404
2023-05-18 15:10:21: *******Train Epoch 64: averaged Loss : 12.831964
2023-05-18 15:10:22: *******Val Epoch 64: averaged Loss : 13.468492
2023-05-18 15:10:50: *******Train Epoch 65: averaged Loss : 12.733415
2023-05-18 15:10:51: *******Val Epoch 65: averaged Loss : 13.243008
2023-05-18 15:10:51: **************Current best model saved to /home/stud62/ST-SSL/experiments/NYCTaxi/20230518-143907/best_model.pth
2023-05-18 15:11:19: *******Train Epoch 66: averaged Loss : 12.732860
2023-05-18 15:11:20: *******Val Epoch 66: averaged Loss : 13.389577
2023-05-18 15:11:49: *******Train Epoch 67: averaged Loss : 12.544435
2023-05-18 15:11:49: *******Val Epoch 67: averaged Loss : 13.726615
2023-05-18 15:12:18: *******Train Epoch 68: averaged Loss : 12.602327
2023-05-18 15:12:19: *******Val Epoch 68: averaged Loss : 13.459070
2023-05-18 15:12:47: *******Train Epoch 69: averaged Loss : 12.565375
2023-05-18 15:12:48: *******Val Epoch 69: averaged Loss : 13.363282
2023-05-18 15:13:16: *******Train Epoch 70: averaged Loss : 12.700389
2023-05-18 15:13:17: *******Val Epoch 70: averaged Loss : 13.253178
2023-05-18 15:13:46: *******Train Epoch 71: averaged Loss : 12.509426
2023-05-18 15:13:46: *******Val Epoch 71: averaged Loss : 13.893235
2023-05-18 15:14:15: *******Train Epoch 72: averaged Loss : 12.399048
2023-05-18 15:14:16: *******Val Epoch 72: averaged Loss : 13.593170
2023-05-18 15:14:44: *******Train Epoch 73: averaged Loss : 12.424308
2023-05-18 15:14:45: *******Val Epoch 73: averaged Loss : 13.491669
2023-05-18 15:15:13: *******Train Epoch 74: averaged Loss : 12.419232
2023-05-18 15:15:14: *******Val Epoch 74: averaged Loss : 13.271318
2023-05-18 15:15:42: *******Train Epoch 75: averaged Loss : 12.435265
2023-05-18 15:15:43: *******Val Epoch 75: averaged Loss : 13.199964
2023-05-18 15:15:43: **************Current best model saved to /home/stud62/ST-SSL/experiments/NYCTaxi/20230518-143907/best_model.pth
2023-05-18 15:16:12: *******Train Epoch 76: averaged Loss : 12.470137
2023-05-18 15:16:13: *******Val Epoch 76: averaged Loss : 13.906147
2023-05-18 15:16:41: *******Train Epoch 77: averaged Loss : 12.342590
2023-05-18 15:16:42: *******Val Epoch 77: averaged Loss : 14.054382
2023-05-18 15:17:10: *******Train Epoch 78: averaged Loss : 12.473805
2023-05-18 15:17:11: *******Val Epoch 78: averaged Loss : 13.409904
2023-05-18 15:17:39: *******Train Epoch 79: averaged Loss : 12.373365
2023-05-18 15:17:40: *******Val Epoch 79: averaged Loss : 13.532096
2023-05-18 15:18:09: *******Train Epoch 80: averaged Loss : 12.196563
2023-05-18 15:18:09: *******Val Epoch 80: averaged Loss : 14.040408
2023-05-18 15:18:38: *******Train Epoch 81: averaged Loss : 12.168841
2023-05-18 15:18:39: *******Val Epoch 81: averaged Loss : 13.237507
2023-05-18 15:19:07: *******Train Epoch 82: averaged Loss : 12.177317
2023-05-18 15:19:08: *******Val Epoch 82: averaged Loss : 13.319754
2023-05-18 15:19:37: *******Train Epoch 83: averaged Loss : 12.067492
2023-05-18 15:19:37: *******Val Epoch 83: averaged Loss : 13.527285
2023-05-18 15:20:06: *******Train Epoch 84: averaged Loss : 12.231175
2023-05-18 15:20:07: *******Val Epoch 84: averaged Loss : 13.377095
2023-05-18 15:20:35: *******Train Epoch 85: averaged Loss : 12.308009
2023-05-18 15:20:36: *******Val Epoch 85: averaged Loss : 13.678889
2023-05-18 15:21:04: *******Train Epoch 86: averaged Loss : 12.035407
2023-05-18 15:21:05: *******Val Epoch 86: averaged Loss : 13.342285
2023-05-18 15:21:33: *******Train Epoch 87: averaged Loss : 12.185976
2023-05-18 15:21:34: *******Val Epoch 87: averaged Loss : 13.614230
2023-05-18 15:22:03: *******Train Epoch 88: averaged Loss : 12.218724
2023-05-18 15:22:04: *******Val Epoch 88: averaged Loss : 13.451545
2023-05-18 15:22:32: *******Train Epoch 89: averaged Loss : 12.073790
2023-05-18 15:22:33: *******Val Epoch 89: averaged Loss : 13.475638
2023-05-18 15:23:01: *******Train Epoch 90: averaged Loss : 12.015873
2023-05-18 15:23:02: *******Val Epoch 90: averaged Loss : 13.615646
2023-05-18 15:23:02: Validation performance didn't improve for 15 epochs. Training stops.
2023-05-18 15:23:02: == Training finished.
Total training time: 43.91 min	best loss: 13.2000	best epoch: 75	
2023-05-18 15:23:02: == Test results.
2023-05-18 15:23:04: INFLOW, MAE: 12.15, MAPE: 16.8304%
2023-05-18 15:23:04: OUTFLOW, MAE: 9.78, MAPE: 16.9917%
